[30;1m2023-07-16 03:30:50[0m [34;1mINFO    [0m [35mextentions.rhodo[0m タスクを開始しました
[30;1m2023-07-16 03:30:52[0m [34;1mINFO    [0m [35mextentions.rhodo[0m 準備を始めます
[30;1m2023-07-16 03:30:52[0m [34;1mINFO    [0m [35mextentions.rhodo[0m 9個のコマンドを同期しました。
[30;1m2023-07-16 03:30:52[0m [34;1mINFO    [0m [35mextentions.rhodo[0m ロード#0558 、準備完了です！
[30;1m2023-07-16 03:35:48[0m [34;1mINFO    [0m [35mextentions.rhodo[0m タスクを開始しました
[30;1m2023-07-16 03:35:51[0m [34;1mINFO    [0m [35mextentions.rhodo[0m 準備を始めます
[30;1m2023-07-16 03:35:51[0m [34;1mINFO    [0m [35mextentions.rhodo[0m 9個のコマンドを同期しました。
[30;1m2023-07-16 03:35:51[0m [34;1mINFO    [0m [35mextentions.rhodo[0m ロード#0558 、準備完了です！
[30;1m2023-07-16 03:36:41[0m [34;1mINFO    [0m [35mextentions.evjson[0m 現在1個のイベントが進行中です
[30;1m2023-07-16 03:36:41[0m [34;1mINFO    [0m [35mextentions.evjson[0m 開催予定のイベントは0個、終了したイベントは0個あります
[30;1m2023-07-16 03:40:49[0m [34;1mINFO    [0m [35mextentions.rhodo[0m タスクを開始しました
[30;1m2023-07-16 03:40:51[0m [34;1mINFO    [0m [35mextentions.rhodo[0m 準備を始めます
[30;1m2023-07-16 03:40:51[0m [34;1mINFO    [0m [35mextentions.rhodo[0m 9個のコマンドを同期しました。
[30;1m2023-07-16 03:40:51[0m [34;1mINFO    [0m [35mextentions.rhodo[0m ロード#0558 、準備完了です！
[30;1m2023-07-16 03:40:59[0m [34;1mINFO    [0m [35mextentions.evjson[0m 現在1個のイベントが進行中です
[30;1m2023-07-16 03:40:59[0m [34;1mINFO    [0m [35mextentions.evjson[0m 開催予定のイベントは0個、終了したイベントは0個あります
[30;1m2023-07-16 04:20:48[0m [34;1mINFO    [0m [35mextentions.rhodo[0m タスクを開始しました
[30;1m2023-07-16 04:20:50[0m [34;1mINFO    [0m [35mextentions.rhodo[0m 準備を始めます
[30;1m2023-07-16 04:20:51[0m [34;1mINFO    [0m [35mextentions.rhodo[0m 9個のコマンドを同期しました。
[30;1m2023-07-16 04:20:51[0m [34;1mINFO    [0m [35mextentions.rhodo[0m ロード#0558 、準備完了です！
[30;1m2023-07-16 04:25:48[0m [34;1mINFO    [0m [35mextentions.rhodo[0m タスクを開始しました
[30;1m2023-07-16 04:25:50[0m [34;1mINFO    [0m [35mextentions.rhodo[0m 準備を始めます
